# JRE version: Java(TM) SE Runtime Environment (22.0.1+8) (build 22.0.1+8-16)
# Java VM: Java HotSpot(TM) 64-Bit Server VM (22.0.1+8-16, mixed mode, sharing, tiered, compressed oops, compressed class ptrs, g1 gc, windows-amd64)
GC Precious Log:
 CardTable entry size: 512
 Card Set container configuration: InlinePtr #cards 5 size 8 Array Of Cards #cards 12 size 40 Howl #buckets 4 coarsen threshold 1843 Howl Bitmap #cards 512 size 80 coarsen threshold 460 Card regions per heap region 1 cards per card region 2048
 CPUs: 4 total, 4 available
 Memory: 8126M
 Large Page Support: Disabled
 NUMA Support: Disabled
 Compressed Oops: Enabled (32-bit)
 Heap Region Size: 1M
 Heap Min Capacity: 8M
 Heap Initial Capacity: 128M
 Heap Max Capacity: 2032M
 Pre-touch: Disabled
 Parallel Workers: 4
 Concurrent Workers: 1
 Concurrent Refinement Workers: 4
 Periodic GC: Disabled
Heap:
 garbage-first heap   total reserved 2080768K, committed 55296K, used 34075K [0x0000000081000000, 0x0000000100000000)
  region size 1024K, 19 young (19456K), 3 survivors (3072K)
 Metaspace       used 23900K, committed 24192K, reserved 1114112K
  class space    used 2600K, committed 2752K, reserved 1048576K
GC Heap History (18 events):
Event: 11.742 GC heap before
{Heap before GC invocations=0 (full 0):
 garbage-first heap   total reserved 2080768K, committed 131072K, used 20480K [0x0000000081000000, 0x0000000100000000)
  region size 1024K, 14 young (14336K), 0 survivors (0K)
 Metaspace       used 10483K, committed 10688K, reserved 1114112K
  class space    used 1211K, committed 1344K, reserved 1048576K
}
Event: 11.757 GC heap after
{Heap after GC invocations=1 (full 0):
 garbage-first heap   total reserved 2080768K, committed 131072K, used 11214K [0x0000000081000000, 0x0000000100000000)
  region size 1024K, 2 young (2048K), 2 survivors (2048K)
 Metaspace       used 10483K, committed 10688K, reserved 1114112K
  class space    used 1211K, committed 1344K, reserved 1048576K
}
Event: 14.964 GC heap before
{Heap before GC invocations=1 (full 0):
 garbage-first heap   total reserved 2080768K, committed 131072K, used 27598K [0x0000000081000000, 0x0000000100000000)
  region size 1024K, 18 young (18432K), 2 survivors (2048K)
 Metaspace       used 20866K, committed 21120K, reserved 1114112K
  class space    used 2442K, committed 2560K, reserved 1048576K
}
Event: 14.981 GC heap after
{Heap after GC invocations=2 (full 0):
 garbage-first heap   total reserved 2080768K, committed 131072K, used 14872K [0x0000000081000000, 0x0000000100000000)
  region size 1024K, 3 young (3072K), 3 survivors (3072K)
 Metaspace       used 20866K, committed 21120K, reserved 1114112K
  class space    used 2442K, committed 2560K, reserved 1048576K
}
Event: 19.150 GC heap before
{Heap before GC invocations=2 (full 0):
 garbage-first heap   total reserved 2080768K, committed 131072K, used 17944K [0x0000000081000000, 0x0000000100000000)
  region size 1024K, 7 young (7168K), 3 survivors (3072K)
 Metaspace       used 21321K, committed 21504K, reserved 1114112K
  class space    used 2461K, committed 2560K, reserved 1048576K
}
Event: 19.155 GC heap after
{Heap after GC invocations=3 (full 0):
 garbage-first heap   total reserved 2080768K, committed 131072K, used 15408K [0x0000000081000000, 0x0000000100000000)
  region size 1024K, 4 young (4096K), 4 survivors (4096K)
 Metaspace       used 21321K, committed 21504K, reserved 1114112K
  class space    used 2461K, committed 2560K, reserved 1048576K
}
Event: 66.586 GC heap before
{Heap before GC invocations=4 (full 0):
 garbage-first heap   total reserved 2080768K, committed 55296K, used 43056K [0x0000000081000000, 0x0000000100000000)
  region size 1024K, 32 young (32768K), 4 survivors (4096K)
 Metaspace       used 22711K, committed 23040K, reserved 1114112K
  class space    used 2570K, committed 2752K, reserved 1048576K
}
Event: 66.593 GC heap after
{Heap after GC invocations=5 (full 0):
 garbage-first heap   total reserved 2080768K, committed 55296K, used 16651K [0x0000000081000000, 0x0000000100000000)
  region size 1024K, 2 young (2048K), 2 survivors (2048K)
 Metaspace       used 22711K, committed 23040K, reserved 1114112K
  class space    used 2570K, committed 2752K, reserved 1048576K
}
Event: 200.443 GC heap before
{Heap before GC invocations=5 (full 0):
 garbage-first heap   total reserved 2080768K, committed 55296K, used 44299K [0x0000000081000000, 0x0000000100000000)
  region size 1024K, 29 young (29696K), 2 survivors (2048K)
 Metaspace       used 22992K, committed 23296K, reserved 1114112K
  class space    used 2577K, committed 2752K, reserved 1048576K
}
Event: 200.449 GC heap after
{Heap after GC invocations=6 (full 0):
 garbage-first heap   total reserved 2080768K, committed 55296K, used 16733K [0x0000000081000000, 0x0000000100000000)
  region size 1024K, 2 young (2048K), 2 survivors (2048K)
 Metaspace       used 22992K, committed 23296K, reserved 1114112K
  class space    used 2577K, committed 2752K, reserved 1048576K
}
Event: 342.203 GC heap before
{Heap before GC invocations=6 (full 0):
 garbage-first heap   total reserved 2080768K, committed 55296K, used 46429K [0x0000000081000000, 0x0000000100000000)
  region size 1024K, 31 young (31744K), 2 survivors (2048K)
 Metaspace       used 23211K, committed 23552K, reserved 1114112K
  class space    used 2577K, committed 2752K, reserved 1048576K
}
Event: 342.206 GC heap after
{Heap after GC invocations=7 (full 0):
 garbage-first heap   total reserved 2080768K, committed 55296K, used 17044K [0x0000000081000000, 0x0000000100000000)
  region size 1024K, 2 young (2048K), 2 survivors (2048K)
 Metaspace       used 23211K, committed 23552K, reserved 1114112K
  class space    used 2577K, committed 2752K, reserved 1048576K
}
Event: 506.300 GC heap before
{Heap before GC invocations=7 (full 0):
 garbage-first heap   total reserved 2080768K, committed 55296K, used 47764K [0x0000000081000000, 0x0000000100000000)
  region size 1024K, 32 young (32768K), 2 survivors (2048K)
 Metaspace       used 23586K, committed 23936K, reserved 1114112K
  class space    used 2599K, committed 2752K, reserved 1048576K
}
Event: 506.307 GC heap after
{Heap after GC invocations=8 (full 0):
 garbage-first heap   total reserved 2080768K, committed 55296K, used 18162K [0x0000000081000000, 0x0000000100000000)
  region size 1024K, 4 young (4096K), 4 survivors (4096K)
 Metaspace       used 23586K, committed 23936K, reserved 1114112K
  class space    used 2599K, committed 2752K, reserved 1048576K
}
Event: 598.659 GC heap before
{Heap before GC invocations=8 (full 0):
 garbage-first heap   total reserved 2080768K, committed 55296K, used 45810K [0x0000000081000000, 0x0000000100000000)
  region size 1024K, 31 young (31744K), 4 survivors (4096K)
 Metaspace       used 23704K, committed 24000K, reserved 1114112K
  class space    used 2600K, committed 2752K, reserved 1048576K
}
Event: 598.663 GC heap after
{Heap after GC invocations=9 (full 0):
 garbage-first heap   total reserved 2080768K, committed 55296K, used 18238K [0x0000000081000000, 0x0000000100000000)
  region size 1024K, 3 young (3072K), 3 survivors (3072K)
 Metaspace       used 23704K, committed 24000K, reserved 1114112K
  class space    used 2600K, committed 2752K, reserved 1048576K
}
Event: 818.986 GC heap before
{Heap before GC invocations=9 (full 0):
 garbage-first heap   total reserved 2080768K, committed 55296K, used 46910K [0x0000000081000000, 0x0000000100000000)
  region size 1024K, 31 young (31744K), 3 survivors (3072K)
 Metaspace       used 23841K, committed 24128K, reserved 1114112K
  class space    used 2600K, committed 2752K, reserved 1048576K
}
Event: 818.992 GC heap after
{Heap after GC invocations=10 (full 0):
 garbage-first heap   total reserved 2080768K, committed 55296K, used 18715K [0x0000000081000000, 0x0000000100000000)
  region size 1024K, 3 young (3072K), 3 survivors (3072K)
 Metaspace       used 23841K, committed 24128K, reserved 1114112K
  class space    used 2600K, committed 2752K, reserved 1048576K
}

